<?xml version="1.0" encoding="UTF-8"?>
<!-- Generated by org.testng.reporters.JUnitReportReporter -->
<testsuite hostname="DESKTOP-LTTFHLS" failures="0" tests="1" name="IGP.Sanity.AllDeliveryTypesAndSearchWithCheckoutLogin" time="73.275" errors="0" timestamp="2025-09-22T22:31:27 IST" skipped="0">
  <testcase classname="IGP.Sanity.AllDeliveryTypesAndSearchWithCheckoutLogin" name="allDeliveryTypesSearchAndCheckoutLogin" time="73.275"/>
  <system-out/>
</testsuite> <!-- IGP.Sanity.AllDeliveryTypesAndSearchWithCheckoutLogin -->
