<?xml version="1.0" encoding="UTF-8"?>
<!-- Generated by org.testng.reporters.JUnitReportReporter -->
<testsuite hostname="DESKTOP-LTTFHLS" failures="0" tests="1" name="IGP.Sanity.UserJourneyWithExpressDelivery" time="66.090" errors="0" timestamp="2025-07-02T12:11:59 IST" skipped="0">
  <testcase classname="IGP.Sanity.UserJourneyWithExpressDelivery" name="userJourneyAndExpressDelivery" time="66.090"/>
  <system-out/>
</testsuite> <!-- IGP.Sanity.UserJourneyWithExpressDelivery -->
