<?xml version="1.0" encoding="UTF-8"?>
<!-- Generated by org.testng.reporters.JUnitReportReporter -->
<testsuite hostname="DESKTOP-LTTFHLS" failures="0" tests="1" name="IGP.Sanity.internationalOrderFlow" time="43.130" errors="0" timestamp="2025-07-02T12:11:59 IST" skipped="0">
  <testcase classname="IGP.Sanity.internationalOrderFlow" name="internationalOrder" time="43.130"/>
  <system-out/>
</testsuite> <!-- IGP.Sanity.internationalOrderFlow -->
