<?xml version="1.0" encoding="UTF-8"?>
<!-- Generated by org.testng.reporters.JUnitReportReporter -->
<testsuite hostname="DESKTOP-LTTFHLS" failures="0" tests="1" name="IGP.Sanity.UserJourneyWithExpressDelivery" time="51.195" errors="0" timestamp="2025-09-30T16:25:02 IST" skipped="0">
  <testcase classname="IGP.Sanity.UserJourneyWithExpressDelivery" name="userJourneyAndExpressDelivery" time="51.195"/>
  <system-out/>
</testsuite> <!-- IGP.Sanity.UserJourneyWithExpressDelivery -->
