<?xml version="1.0" encoding="UTF-8"?>
<!-- Generated by org.testng.reporters.JUnitReportReporter -->
<testsuite hostname="DESKTOP-LTTFHLS" failures="0" tests="1" name="IGP.Sanity.internationalOrderFlow" time="43.916" errors="0" timestamp="2025-07-03T14:37:58 IST" skipped="0">
  <testcase classname="IGP.Sanity.internationalOrderFlow" name="internationalOrder" time="43.916"/>
  <system-out/>
</testsuite> <!-- IGP.Sanity.internationalOrderFlow -->
