<?xml version="1.0" encoding="UTF-8"?>
<!-- Generated by org.testng.reporters.JUnitReportReporter -->
<testsuite hostname="DESKTOP-LTTFHLS" failures="0" tests="5" name="IGP.Sanity.igpQuickSanity" time="45.948" errors="0" timestamp="2025-06-08T12:52:31 IST" skipped="4">
  <testcase classname="IGP.Sanity.igpQuickSanity" name="userJourney" time="45.948"/>
  <system-out/>
  <testcase classname="IGP.Sanity.igpQuickSanity" name="searchTest">
    <skipped/>
  </testcase> <!-- searchTest -->
  <system-out/>
  <testcase classname="IGP.Sanity.igpQuickSanity" name="signUp">
    <skipped/>
  </testcase> <!-- signUp -->
  <system-out/>
  <testcase classname="IGP.Sanity.igpQuickSanity" name="googleSignIn">
    <skipped/>
  </testcase> <!-- googleSignIn -->
  <system-out/>
  <testcase classname="IGP.Sanity.igpQuickSanity" name="loginViaEmailPassword">
    <skipped/>
  </testcase> <!-- loginViaEmailPassword -->
  <system-out/>
</testsuite> <!-- IGP.Sanity.igpQuickSanity -->
