<?xml version="1.0" encoding="UTF-8"?>
<!-- Generated by org.testng.reporters.JUnitReportReporter -->
<testsuite hostname="DESKTOP-LTTFHLS" failures="0" tests="1" name="IGP.Sanity.AllDeliveryTypesWithGoogleLogin" time="63.529" errors="0" timestamp="2025-06-12T13:38:30 IST" skipped="0">
  <testcase classname="IGP.Sanity.AllDeliveryTypesWithGoogleLogin" name="internationalOrder" time="63.529"/>
  <system-out/>
</testsuite> <!-- IGP.Sanity.AllDeliveryTypesWithGoogleLogin -->
