<?xml version="1.0" encoding="UTF-8"?>
<!-- Generated by org.testng.reporters.JUnitReportReporter -->
<testsuite hostname="DESKTOP-LTTFHLS" failures="0" tests="1" name="IGP.Sanity.SortAndQuickFilters" time="34.273" errors="0" timestamp="2025-09-12T11:45:15 IST" skipped="0">
  <testcase classname="IGP.Sanity.SortAndQuickFilters" name="sortFilterLowToHigh" time="34.273"/>
  <system-out/>
</testsuite> <!-- IGP.Sanity.SortAndQuickFilters -->
