<?xml version="1.0" encoding="UTF-8"?>
<!-- Generated by org.testng.reporters.JUnitReportReporter -->
<testsuite hostname="DESKTOP-LTTFHLS" failures="0" tests="1" name="IGP.Sanity.AllDeliveryTypesAndSearchWithCheckoutLogin" time="86.139" errors="0" timestamp="2025-07-02T12:32:45 IST" skipped="0">
  <testcase classname="IGP.Sanity.AllDeliveryTypesAndSearchWithCheckoutLogin" name="allDeliveryTypesSearchAndCheckoutLogin" time="86.139"/>
  <system-out/>
</testsuite> <!-- IGP.Sanity.AllDeliveryTypesAndSearchWithCheckoutLogin -->
