<?xml version="1.0" encoding="UTF-8"?>
<!-- Generated by org.testng.reporters.JUnitReportReporter -->
<testsuite hostname="DESKTOP-LTTFHLS" failures="0" tests="1" name="IGP.Sanity.lgpLinksCheck" time="0.000" errors="0" timestamp="2025-03-15T20:32:33 IST" skipped="1">
  <testcase classname="IGP.Sanity.lgpLinksCheck" name="verifyNoProductFound" time="0.000">
    <skipped/>
  </testcase> <!-- verifyNoProductFound -->
  <system-out/>
</testsuite> <!-- IGP.Sanity.lgpLinksCheck -->
