<?xml version="1.0" encoding="UTF-8"?>
<!-- Generated by org.testng.reporters.JUnitReportReporter -->
<testsuite hostname="DESKTOP-LTTFHLS" failures="0" tests="1" name="IGP.Sanity.UserJourneyWithExpressDelivery" time="71.027" errors="0" timestamp="2025-09-29T10:49:55 IST" skipped="0">
  <testcase classname="IGP.Sanity.UserJourneyWithExpressDelivery" name="userJourneyAndExpressDelivery" time="71.027"/>
</testsuite> <!-- IGP.Sanity.UserJourneyWithExpressDelivery -->
