<?xml version="1.0" encoding="UTF-8"?>
<!-- Generated by org.testng.reporters.JUnitReportReporter -->
<testsuite hostname="DESKTOP-LTTFHLS" failures="0" tests="1" name="IGP.Sanity.SortAndQuickFilters" time="66.631" errors="0" timestamp="2025-09-21T18:29:03 IST" skipped="0">
  <testcase classname="IGP.Sanity.SortAndQuickFilters" name="sortFilterLowToHigh" time="66.631"/>
</testsuite> <!-- IGP.Sanity.SortAndQuickFilters -->
