<?xml version="1.0" encoding="UTF-8"?>
<!-- Generated by org.testng.reporters.JUnitReportReporter -->
<testsuite hostname="DESKTOP-LTTFHLS" failures="0" tests="1" name="IGP.Sanity.UserJourneyWithExpressDelivery" time="75.190" errors="0" timestamp="2025-09-21T18:29:03 IST" skipped="0">
  <testcase classname="IGP.Sanity.UserJourneyWithExpressDelivery" name="userJourneyAndExpressDelivery" time="75.190"/>
</testsuite> <!-- IGP.Sanity.UserJourneyWithExpressDelivery -->
