<?xml version="1.0" encoding="UTF-8"?>
<!-- Generated by org.testng.reporters.JUnitReportReporter -->
<testsuite hostname="DESKTOP-LTTFHLS" failures="0" tests="1" name="IGP.Sanity.AllDeliveryTypesAndSearchWithCheckoutLogin" time="79.530" errors="0" timestamp="2025-09-14T13:42:31 IST" skipped="0">
  <testcase classname="IGP.Sanity.AllDeliveryTypesAndSearchWithCheckoutLogin" name="allDeliveryTypesSearchAndCheckoutLogin" time="79.530"/>
</testsuite> <!-- IGP.Sanity.AllDeliveryTypesAndSearchWithCheckoutLogin -->
